<?xml version="1.0" encoding="UTF-8"?>
<testng-results ignored="0" total="1" passed="1" failed="0" skipped="0">
  <reporter-output>
  </reporter-output>
  <suite started-at="2024-09-07T18:00:08 IST" name="Default suite" finished-at="2024-09-07T18:00:17 IST" duration-ms="8618">
    <groups>
    </groups>
    <test started-at="2024-09-07T18:00:08 IST" name="Default test" finished-at="2024-09-07T18:00:17 IST" duration-ms="8618">
      <class name="testingbaba_test.Logintest">
        <test-method is-config="true" signature="getLaunchUrl_testingbaba()[pri:0, instance:testingbaba_test.Logintest@350aac89]" started-at="2024-09-07T18:00:08 IST" name="getLaunchUrl_testingbaba" finished-at="2024-09-07T18:00:17 IST" duration-ms="8516" status="PASS">
          <reporter-output>
          </reporter-output>
        </test-method> <!-- getLaunchUrl_testingbaba -->
        <test-method signature="getTitle_testingbaba()[pri:1, instance:testingbaba_test.Logintest@350aac89]" started-at="2024-09-07T18:00:17 IST" name="getTitle_testingbaba" finished-at="2024-09-07T18:00:17 IST" duration-ms="21" status="PASS">
          <reporter-output>
          </reporter-output>
        </test-method> <!-- getTitle_testingbaba -->
      </class> <!-- testingbaba_test.Logintest -->
    </test> <!-- Default test -->
  </suite> <!-- Default suite -->
</testng-results>
